0 info it worked if it ends with ok
1 verbose cli [ '/Users/pdore/.nvm/versions/node/v7.4.0/bin/node',
1 verbose cli   '/Users/pdore/.nvm/versions/node/v7.4.0/bin/npm',
1 verbose cli   'start' ]
2 info using npm@4.0.5
3 info using node@v7.4.0
4 verbose run-script [ 'prestart', 'start', 'poststart' ]
5 info lifecycle mean@~prestart: mean@
6 silly lifecycle mean@~prestart: no script for prestart, continuing
7 info lifecycle mean@~start: mean@
8 verbose lifecycle mean@~start: unsafe-perm in lifecycle true
9 verbose lifecycle mean@~start: PATH: /Users/pdore/.nvm/versions/node/v7.4.0/lib/node_modules/npm/bin/node-gyp-bin:/Users/pdore/outbreak-summary-report-manager/node_modules/.bin:/usr/local/php5/bin:/Users/pdore/.nvm/versions/node/v7.4.0/bin:/Users/pdore/.npm-packages/bin:/Users/pdore/.npm-packages/bin:/usr/local/bin:/usr/bin:/bin:/usr/sbin:/sbin
10 verbose lifecycle mean@~start: CWD: /Users/pdore/outbreak-summary-report-manager
11 silly lifecycle mean@~start: Args: [ '-c', 'node server/server.js' ]
12 silly lifecycle mean@~start: Returned: code: 1  signal: null
13 info lifecycle mean@~start: Failed to exec start script
14 verbose stack Error: mean@ start: `node server/server.js`
14 verbose stack Exit status 1
14 verbose stack     at EventEmitter.<anonymous> (/Users/pdore/.nvm/versions/node/v7.4.0/lib/node_modules/npm/lib/utils/lifecycle.js:279:16)
14 verbose stack     at emitTwo (events.js:106:13)
14 verbose stack     at EventEmitter.emit (events.js:191:7)
14 verbose stack     at ChildProcess.<anonymous> (/Users/pdore/.nvm/versions/node/v7.4.0/lib/node_modules/npm/lib/utils/spawn.js:40:14)
14 verbose stack     at emitTwo (events.js:106:13)
14 verbose stack     at ChildProcess.emit (events.js:191:7)
14 verbose stack     at maybeClose (internal/child_process.js:885:16)
14 verbose stack     at Process.ChildProcess._handle.onexit (internal/child_process.js:226:5)
15 verbose pkgid mean@
16 verbose cwd /Users/pdore/outbreak-summary-report-manager
17 error Darwin 16.5.0
18 error argv "/Users/pdore/.nvm/versions/node/v7.4.0/bin/node" "/Users/pdore/.nvm/versions/node/v7.4.0/bin/npm" "start"
19 error node v7.4.0
20 error npm  v4.0.5
21 error code ELIFECYCLE
22 error mean@ start: `node server/server.js`
22 error Exit status 1
23 error Failed at the mean@ start script 'node server/server.js'.
23 error Make sure you have the latest version of node.js and npm installed.
23 error If you do, this is most likely a problem with the mean package,
23 error not with npm itself.
23 error Tell the author that this fails on your system:
23 error     node server/server.js
23 error You can get information on how to open an issue for this project with:
23 error     npm bugs mean
23 error Or if that isn't available, you can get their info via:
23 error     npm owner ls mean
23 error There is likely additional logging output above.
24 verbose exit [ 1, true ]
